Arguments: 
  C:\Program Files\nodejs\node.exe C:\Program Files (x86)\Yarn\bin\yarn.js add expressjs

PATH: 
  C:\Program Files\Git\mingw64\bin;C:\Program Files\Git\usr\bin;C:\Users\aremu\bin;C:\Python27;C:\Python27\Scripts;C:\ProgramData\Oracle\Java\javapath;C:\WINDOWS\system32;C:\WINDOWS;C:\WINDOWS\System32\Wbem;C:\WINDOWS\System32\WindowsPowerShell\v1.0;C:\WINDOWS\System32\OpenSSH;C:\Program Files\Git\cmd;C:\Program Files (x86)\Yarn\bin;C:\Program Files\MongoDB\Server\4.2\bin;C:\ProgramData\chocolatey\bin;C:\Program Files\nodejs;C:\Users\aremu\Anaconda3;C:\Users\aremu\Anaconda3\Library\mingw-w64\bin;C:\Users\aremu\Anaconda3\Library\usr\bin;C:\Users\aremu\Anaconda3\Library\bin;C:\Users\aremu\Anaconda3\Scripts;C:\Users\aremu\AppData\Local\Programs\Python\Python38-32\Scripts;C:\Users\aremu\AppData\Local\Programs\Python\Python38-32;C:\Users\aremu\AppData\Local\Programs\Microsoft VS Code\bin;C:\Users\aremu\AppData\Local\Microsoft\WindowsApps;C:\Users\aremu\AppData\Local\Yarn\bin;C:\Program Files\JetBrains\PyCharm Community Edition 2019.3.1\bin;C:\Program Files\JetBrains\PyCharm 2019.3.1\bin;C:\Program Files\MongoDB\Server\4.2\bin;C:\Program Files\heroku\bin;C:\Users\aremu\AppData\Roaming\npm

Yarn version: 
  1.21.1

Node version: 
  12.15.0

Platform: 
  win32 x64

Trace: 
  Error: getaddrinfo ENOTFOUND registry.yarnpkg.com
      at GetAddrInfoReqWrap.onlookup [as oncomplete] (dns.js:60:26)

npm manifest: 
  {
    "name": "server",
    "version": "1.0.0",
    "main": "index.js",
    "author": "Aremu",
    "license": "MIT"
  }

yarn manifest: 
  No manifest

Lockfile: 
  No lockfile
